/root/star_anise_backend/app.py:162: DeprecationWarning: 
        on_event is deprecated, use lifespan event handlers instead.

        Read more about it in the
        [FastAPI docs for Lifespan Events](https://fastapi.tiangolo.com/advanced/events/).
        
  @app.on_event("startup")
/root/star_anise_backend/app.py:181: DeprecationWarning: 
        on_event is deprecated, use lifespan event handlers instead.

        Read more about it in the
        [FastAPI docs for Lifespan Events](https://fastapi.tiangolo.com/advanced/events/).
        
  @app.on_event("shutdown")
INFO:     Started server process [17559]
INFO:     Waiting for application startup.
INFO:     Application startup complete.
[ WARN:0@0.575] global cap_v4l.cpp:982 open VIDEOIO(V4L2:/dev/video0): can't open camera by index
[ERROR:0@0.576] global obsensor_uvc_stream_channel.cpp:156 getStreamChannelGroup Camera index out of range
INFO:     Uvicorn running on http://0.0.0.0:8000 (Press CTRL+C to quit)
/root/star_anise_backend/app.py:162: DeprecationWarning: 
        on_event is deprecated, use lifespan event handlers instead.

        Read more about it in the
        [FastAPI docs for Lifespan Events](https://fastapi.tiangolo.com/advanced/events/).
        
  @app.on_event("startup")
/root/star_anise_backend/app.py:181: DeprecationWarning: 
        on_event is deprecated, use lifespan event handlers instead.

        Read more about it in the
        [FastAPI docs for Lifespan Events](https://fastapi.tiangolo.com/advanced/events/).
        
  @app.on_event("shutdown")
INFO:     Started server process [1174]
INFO:     Waiting for application startup.
INFO:     Application startup complete.
INFO:     Uvicorn running on http://0.0.0.0:8000 (Press CTRL+C to quit)
[ WARN:0@1.286] global cap_v4l.cpp:982 open VIDEOIO(V4L2:/dev/video0): can't open camera by index
[ERROR:0@1.288] global obsensor_uvc_stream_channel.cpp:156 getStreamChannelGroup Camera index out of range
/root/star_anise_backend/app.py:162: DeprecationWarning: 
        on_event is deprecated, use lifespan event handlers instead.

        Read more about it in the
        [FastAPI docs for Lifespan Events](https://fastapi.tiangolo.com/advanced/events/).
        
  @app.on_event("startup")
/root/star_anise_backend/app.py:181: DeprecationWarning: 
        on_event is deprecated, use lifespan event handlers instead.

        Read more about it in the
        [FastAPI docs for Lifespan Events](https://fastapi.tiangolo.com/advanced/events/).
        
  @app.on_event("shutdown")
INFO:     Started server process [1198]
INFO:     Waiting for application startup.
INFO:     Application startup complete.
INFO:     Uvicorn running on http://0.0.0.0:8000 (Press CTRL+C to quit)
[ WARN:0@1.260] global cap_v4l.cpp:982 open VIDEOIO(V4L2:/dev/video0): can't open camera by index
[ERROR:0@1.264] global obsensor_uvc_stream_channel.cpp:156 getStreamChannelGroup Camera index out of range
/root/star_anise_backend/app.py:162: DeprecationWarning: 
        on_event is deprecated, use lifespan event handlers instead.

        Read more about it in the
        [FastAPI docs for Lifespan Events](https://fastapi.tiangolo.com/advanced/events/).
        
  @app.on_event("startup")
/root/star_anise_backend/app.py:181: DeprecationWarning: 
        on_event is deprecated, use lifespan event handlers instead.

        Read more about it in the
        [FastAPI docs for Lifespan Events](https://fastapi.tiangolo.com/advanced/events/).
        
  @app.on_event("shutdown")
INFO:     Started server process [1173]
INFO:     Waiting for application startup.
INFO:     Application startup complete.
INFO:     Uvicorn running on http://0.0.0.0:8000 (Press CTRL+C to quit)
[ WARN:0@1.285] global cap_v4l.cpp:982 open VIDEOIO(V4L2:/dev/video0): can't open camera by index
[ERROR:0@1.288] global obsensor_uvc_stream_channel.cpp:156 getStreamChannelGroup Camera index out of range
INFO:     Shutting down
INFO:     Waiting for application shutdown.
INFO:     Application shutdown complete.
INFO:     Finished server process [1173]
/root/star_anise_backend/app.py:162: DeprecationWarning: 
        on_event is deprecated, use lifespan event handlers instead.

        Read more about it in the
        [FastAPI docs for Lifespan Events](https://fastapi.tiangolo.com/advanced/events/).
        
  @app.on_event("startup")
/root/star_anise_backend/app.py:181: DeprecationWarning: 
        on_event is deprecated, use lifespan event handlers instead.

        Read more about it in the
        [FastAPI docs for Lifespan Events](https://fastapi.tiangolo.com/advanced/events/).
        
  @app.on_event("shutdown")
INFO:     Started server process [1245]
INFO:     Waiting for application startup.
INFO:     Application startup complete.
INFO:     Uvicorn running on http://0.0.0.0:8000 (Press CTRL+C to quit)
[ WARN:0@1.274] global cap_v4l.cpp:982 open VIDEOIO(V4L2:/dev/video0): can't open camera by index
[ERROR:0@1.276] global obsensor_uvc_stream_channel.cpp:156 getStreamChannelGroup Camera index out of range
INFO:     Shutting down
INFO:     Waiting for application shutdown.
INFO:     Application shutdown complete.
INFO:     Finished server process [1245]
/root/star_anise_backend/app.py:162: DeprecationWarning: 
        on_event is deprecated, use lifespan event handlers instead.

        Read more about it in the
        [FastAPI docs for Lifespan Events](https://fastapi.tiangolo.com/advanced/events/).
        
  @app.on_event("startup")
/root/star_anise_backend/app.py:181: DeprecationWarning: 
        on_event is deprecated, use lifespan event handlers instead.

        Read more about it in the
        [FastAPI docs for Lifespan Events](https://fastapi.tiangolo.com/advanced/events/).
        
  @app.on_event("shutdown")
INFO:     Started server process [1181]
INFO:     Waiting for application startup.
INFO:     Application startup complete.
INFO:     Uvicorn running on http://0.0.0.0:8000 (Press CTRL+C to quit)
[ WARN:0@1.369] global cap_v4l.cpp:982 open VIDEOIO(V4L2:/dev/video0): can't open camera by index
[ERROR:0@1.376] global obsensor_uvc_stream_channel.cpp:156 getStreamChannelGroup Camera index out of range
/root/star_anise_backend/app.py:162: DeprecationWarning: 
        on_event is deprecated, use lifespan event handlers instead.

        Read more about it in the
        [FastAPI docs for Lifespan Events](https://fastapi.tiangolo.com/advanced/events/).
        
  @app.on_event("startup")
/root/star_anise_backend/app.py:181: DeprecationWarning: 
        on_event is deprecated, use lifespan event handlers instead.

        Read more about it in the
        [FastAPI docs for Lifespan Events](https://fastapi.tiangolo.com/advanced/events/).
        
  @app.on_event("shutdown")
INFO:     Started server process [1164]
INFO:     Waiting for application startup.
INFO:     Application startup complete.
INFO:     Uvicorn running on http://0.0.0.0:8000 (Press CTRL+C to quit)
[ WARN:0@1.290] global cap_v4l.cpp:982 open VIDEOIO(V4L2:/dev/video0): can't open camera by index
[ERROR:0@1.293] global obsensor_uvc_stream_channel.cpp:156 getStreamChannelGroup Camera index out of range
INFO:     Shutting down
INFO:     Waiting for application shutdown.
INFO:     Application shutdown complete.
INFO:     Finished server process [1164]
INFO:     Started server process [21414]
INFO:     Waiting for application startup.
INFO:     Application startup complete.
INFO:     Uvicorn running on http://0.0.0.0:8000 (Press CTRL+C to quit)
INFO:     Shutting down
INFO:     Waiting for application shutdown.
INFO:     Application shutdown complete.
INFO:     Finished server process [21414]
[INFO] [1782669435.387259411] [star_anise_camera]: ✅ 订阅 /image_left_raw 话题
INFO:     Started server process [23615]
INFO:     Waiting for application startup.
INFO:     Application startup complete.
INFO:     Uvicorn running on http://0.0.0.0:8000 (Press CTRL+C to quit)
[INFO] [0946684833.699557897] [star_anise_camera]: ✅ 订阅 /image_left_raw 话题
INFO:     Started server process [1127]
INFO:     Waiting for application startup.
INFO:     Application startup complete.
INFO:     Uvicorn running on http://0.0.0.0:8000 (Press CTRL+C to quit)
[INFO] [0946684834.045426253] [star_anise_camera]: ✅ 订阅 /image_left_raw 话题
INFO:     Started server process [1166]
INFO:     Waiting for application startup.
INFO:     Application startup complete.
INFO:     Uvicorn running on http://0.0.0.0:8000 (Press CTRL+C to quit)
INFO:     Shutting down
INFO:     Waiting for application shutdown.
INFO:     Application shutdown complete.
INFO:     Finished server process [1166]
[INFO] [1782825480.684859193] [star_anise_camera]: ✅ 订阅 /image_left_raw 话题
INFO:     Started server process [5244]
INFO:     Waiting for application startup.
INFO:     Application startup complete.
INFO:     Uvicorn running on http://0.0.0.0:8000 (Press CTRL+C to quit)
INFO:     Shutting down
INFO:     Waiting for application shutdown.
INFO:     Application shutdown complete.
INFO:     Finished server process [5244]
[INFO] [1782825996.981193789] [star_anise_camera]: ✅ 订阅 /image_left_raw 话题
INFO:     Started server process [9308]
INFO:     Waiting for application startup.
INFO:     Application startup complete.
INFO:     Uvicorn running on http://0.0.0.0:8000 (Press CTRL+C to quit)
[INFO] [1782826034.183101502] [star_anise_camera]: ✅ 订阅 /image_left_raw 话题
INFO:     Started server process [9760]
INFO:     Waiting for application startup.
INFO:     Application startup complete.
INFO:     Uvicorn running on http://0.0.0.0:8000 (Press CTRL+C to quit)
INFO:     Shutting down
INFO:     Waiting for application shutdown.
INFO:     Application shutdown complete.
INFO:     Finished server process [9760]
